  Compiling CUDA source file particleSystem_cuda.cu...
  
  L:\particle_demo_2d_change\particles_custom_2\2_Concepts_and_Techniques\particles>"C:\Program Files\NVIDIA GPU Computing Toolkit\CUDA\v12.1\bin\nvcc.exe" -gencode=arch=compute_50,code=\"sm_50,compute_50\" -gencode=arch=compute_52,code=\"sm_52,compute_52\" -gencode=arch=compute_60,code=\"sm_60,compute_60\" -gencode=arch=compute_61,code=\"sm_61,compute_61\" -gencode=arch=compute_70,code=\"sm_70,compute_70\" -gencode=arch=compute_75,code=\"sm_75,compute_75\" -gencode=arch=compute_80,code=\"sm_80,compute_80\" -gencode=arch=compute_86,code=\"sm_86,compute_86\" -gencode=arch=compute_90,code=\"sm_90,compute_90\" --use-local-env -ccbin "C:\Program Files (x86)\Microsoft Visual Studio\2019\Community\VC\Tools\MSVC\14.29.30133\bin\HostX86\x64" -x cu   -I./ -I../../../Common -I"C:\Users\Eracoy\Google Drive\Coding\vcpp\particle_demo_2d_change\Common" -I./ -I"C:\Program Files\NVIDIA GPU Computing Toolkit\CUDA\v12.1\/include" -I../../../Common -IL:\particle_demo_2d_change\Common -IL:\particle_demo_2d_change\Common\GL -I"C:\Program Files\NVIDIA GPU Computing Toolkit\CUDA\v12.1\include"  -G   --keep-dir x64\Debug  -maxrregcount=0   --machine 64 --compile -cudart static -Xcompiler "/wd 4819"  --threads 0 -g  -DWIN32 -DWIN32 -D_MBCS -D_MBCS -Xcompiler "/EHsc /W3 /nologo /Od /FS /Zi /RTC1 /MTd " -Xcompiler "/Fdx64/Debug/vc142.pdb" -o L:\particle_demo_2d_change\particles_custom_2\2_Concepts_and_Techniques\particles\x64\Debug\particleSystem_cuda.cu.obj "L:\particle_demo_2d_change\particles_custom_2\2_Concepts_and_Techniques\particles\particleSystem_cuda.cu" -Xcompiler /FS 
  particleSystem_cuda.cu
L:\particle_demo_2d_change\particles_custom_2\2_Concepts_and_Techniques\particles\particles_kernel_impl.cuh(320): warning #177-D: variable "dist8" was declared but never referenced
        float dist8 = dist4 * dist4;
              ^
  
  Remark: The warnings can be suppressed with "-diag-suppress <warning-number>"
  
L:\particle_demo_2d_change\particles_custom_2\2_Concepts_and_Techniques\particles\particles_kernel_impl.cuh(323): warning #177-D: variable "potential" was declared but never referenced
        float potential = m / (a + dist4 / c4) - n / (b + dist4 * dist4 / (d4 * d4));
              ^
  
L:\particle_demo_2d_change\particles_custom_2\2_Concepts_and_Techniques\particles\particles_kernel_impl.cuh(320): warning #177-D: variable "dist8" was declared but never referenced
        float dist8 = dist4 * dist4;
              ^
  
  Remark: The warnings can be suppressed with "-diag-suppress <warning-number>"
  
L:\particle_demo_2d_change\particles_custom_2\2_Concepts_and_Techniques\particles\particles_kernel_impl.cuh(323): warning #177-D: variable "potential" was declared but never referenced
        float potential = m / (a + dist4 / c4) - n / (b + dist4 * dist4 / (d4 * d4));
              ^
  
L:\particle_demo_2d_change\particles_custom_2\2_Concepts_and_Techniques\particles\particles_kernel_impl.cuh(320): warning #177-D: variable "dist8" was declared but never referenced
        float dist8 = dist4 * dist4;
              ^
  
  Remark: The warnings can be suppressed with "-diag-suppress <warning-number>"
  
L:\particle_demo_2d_change\particles_custom_2\2_Concepts_and_Techniques\particles\particles_kernel_impl.cuh(323): warning #177-D: variable "potential" was declared but never referenced
        float potential = m / (a + dist4 / c4) - n / (b + dist4 * dist4 / (d4 * d4));
              ^
  
L:\particle_demo_2d_change\particles_custom_2\2_Concepts_and_Techniques\particles\particles_kernel_impl.cuh(320): warning #177-D: variable "dist8" was declared but never referenced
        float dist8 = dist4 * dist4;
              ^
  
  Remark: The warnings can be suppressed with "-diag-suppress <warning-number>"
  
L:\particle_demo_2d_change\particles_custom_2\2_Concepts_and_Techniques\particles\particles_kernel_impl.cuh(323): warning #177-D: variable "potential" was declared but never referenced
        float potential = m / (a + dist4 / c4) - n / (b + dist4 * dist4 / (d4 * d4));
              ^
  
L:\particle_demo_2d_change\particles_custom_2\2_Concepts_and_Techniques\particles\particles_kernel_impl.cuh(320): warning #177-D: variable "dist8" was declared but never referenced
        float dist8 = dist4 * dist4;
              ^
  
  Remark: The warnings can be suppressed with "-diag-suppress <warning-number>"
  
L:\particle_demo_2d_change\particles_custom_2\2_Concepts_and_Techniques\particles\particles_kernel_impl.cuh(323): warning #177-D: variable "potential" was declared but never referenced
        float potential = m / (a + dist4 / c4) - n / (b + dist4 * dist4 / (d4 * d4));
              ^
  
L:\particle_demo_2d_change\particles_custom_2\2_Concepts_and_Techniques\particles\particles_kernel_impl.cuh(320): warning #177-D: variable "dist8" was declared but never referenced
        float dist8 = dist4 * dist4;
              ^
  
  Remark: The warnings can be suppressed with "-diag-suppress <warning-number>"
  
L:\particle_demo_2d_change\particles_custom_2\2_Concepts_and_Techniques\particles\particles_kernel_impl.cuh(323): warning #177-D: variable "potential" was declared but never referenced
        float potential = m / (a + dist4 / c4) - n / (b + dist4 * dist4 / (d4 * d4));
              ^
  
L:\particle_demo_2d_change\particles_custom_2\2_Concepts_and_Techniques\particles\particles_kernel_impl.cuh(320): warning #177-D: variable "dist8" was declared but never referenced
        float dist8 = dist4 * dist4;
              ^
  
  Remark: The warnings can be suppressed with "-diag-suppress <warning-number>"
  
L:\particle_demo_2d_change\particles_custom_2\2_Concepts_and_Techniques\particles\particles_kernel_impl.cuh(323): warning #177-D: variable "potential" was declared but never referenced
        float potential = m / (a + dist4 / c4) - n / (b + dist4 * dist4 / (d4 * d4));
              ^
  
L:\particle_demo_2d_change\particles_custom_2\2_Concepts_and_Techniques\particles\particles_kernel_impl.cuh(320): warning #177-D: variable "dist8" was declared but never referenced
        float dist8 = dist4 * dist4;
              ^
  
  Remark: The warnings can be suppressed with "-diag-suppress <warning-number>"
  
L:\particle_demo_2d_change\particles_custom_2\2_Concepts_and_Techniques\particles\particles_kernel_impl.cuh(323): warning #177-D: variable "potential" was declared but never referenced
        float potential = m / (a + dist4 / c4) - n / (b + dist4 * dist4 / (d4 * d4));
              ^
  
L:\particle_demo_2d_change\particles_custom_2\2_Concepts_and_Techniques\particles\particles_kernel_impl.cuh(320): warning #177-D: variable "dist8" was declared but never referenced
        float dist8 = dist4 * dist4;
              ^
  
  Remark: The warnings can be suppressed with "-diag-suppress <warning-number>"
  
L:\particle_demo_2d_change\particles_custom_2\2_Concepts_and_Techniques\particles\particles_kernel_impl.cuh(323): warning #177-D: variable "potential" was declared but never referenced
        float potential = m / (a + dist4 / c4) - n / (b + dist4 * dist4 / (d4 * d4));
              ^
  
  tmpxft_00003f08_00000000-7_particleSystem_cuda.compute_90.cudafe1.cpp
     Creating library ../../../bin/win64/Debug/particles.lib and object ../../../bin/win64/Debug/particles.exp
LINK : warning LNK4098: defaultlib 'LIBCMT' conflicts with use of other libs; use /NODEFAULTLIB:library
  particles_vs2019.vcxproj -> L:\particle_demo_2d_change\bin\win64\Debug\particles.exe
